<?xml version="1.0" encoding="UTF-8"?>
<!-- Generated by org.testng.reporters.JUnitReportReporter -->
<testsuite hostname="SDEVPCSVU7112" name="com.test.regression.cub.testscripts.SignIn" tests="2" failures="0" timestamp="13 Jul 2016 13:21:47 GMT" time="68.781" errors="0">
  <testcase name="validLogin" time="36.799" classname="com.test.regression.cub.testscripts.SignIn"/>
  <testcase name="inValidLogin" time="31.982" classname="com.test.regression.cub.testscripts.SignIn"/>
</testsuite> <!-- com.test.regression.cub.testscripts.SignIn -->
