<?xml version="1.0" encoding="UTF-8"?>
<!-- Generated by org.testng.reporters.JUnitReportReporter -->
<testsuite hostname="sdwvpctcs2813" name="com.test.regression.cub.testscripts.FindAStore" tests="1" failures="0" timestamp="11 Jul 2016 10:51:29 GMT" time="32.444" errors="0">
  <testcase name="StoresbyState" time="32.444" classname="com.test.regression.cub.testscripts.FindAStore"/>
</testsuite> <!-- com.test.regression.cub.testscripts.FindAStore -->
