<?xml version="1.0" encoding="UTF-8"?>
<!-- Generated by org.testng.reporters.JUnitReportReporter -->
<testsuite hostname="SDEVPCSVU7112" name="com.test.regression.cub.testscripts.SignIn" tests="2" failures="0" timestamp="12 Jul 2016 10:15:15 GMT" time="67.938" errors="0">
  <testcase name="validLogin" time="28.083" classname="com.test.regression.cub.testscripts.SignIn"/>
  <testcase name="inValidLogin" time="39.855" classname="com.test.regression.cub.testscripts.SignIn"/>
</testsuite> <!-- com.test.regression.cub.testscripts.SignIn -->
