<?xml version="1.0" encoding="UTF-8"?>
<!-- Generated by org.testng.reporters.JUnitReportReporter -->
<testsuite hostname="SDEVPCSVU7112" name="com.test.regression.cub.testscripts.ShoppingLists" tests="5" failures="0" timestamp="12 Jul 2016 11:01:14 GMT" time="332.963" errors="0">
  <testcase name="deleteItemFromSL" time="87.289" classname="com.test.regression.cub.testscripts.ShoppingLists"/>
  <testcase name="createShoppingList" time="47.221" classname="com.test.regression.cub.testscripts.ShoppingLists"/>
  <testcase name="Add3Items2ShoppingList" time="51.167" classname="com.test.regression.cub.testscripts.ShoppingLists"/>
  <testcase name="testClearList" time="89.665" classname="com.test.regression.cub.testscripts.ShoppingLists"/>
  <testcase name="AddnEditItemsInShoppingList" time="57.621" classname="com.test.regression.cub.testscripts.ShoppingLists"/>
</testsuite> <!-- com.test.regression.cub.testscripts.ShoppingLists -->
