<?xml version="1.0" encoding="UTF-8"?>
<!-- Generated by org.testng.reporters.JUnitReportReporter -->
<testsuite hostname="SDEVPCSVU7112" name="com.test.regression.cub.testscripts.ShoppingLists" tests="3" failures="0" timestamp="26 Sep 2016 06:19:22 GMT" time="1207.990" errors="0">
  <testcase name="AddnEditItemsInShoppingList" time="612.837" classname="com.test.regression.cub.testscripts.ShoppingLists"/>
  <testcase name="addMoreThan1SL" time="213.979" classname="com.test.regression.cub.testscripts.ShoppingLists"/>
  <testcase name="slOtherPagesWidget" time="381.174" classname="com.test.regression.cub.testscripts.ShoppingLists"/>
</testsuite> <!-- com.test.regression.cub.testscripts.ShoppingLists -->
