<?xml version="1.0" encoding="UTF-8"?>
<!-- Generated by org.testng.reporters.JUnitReportReporter -->
<testsuite hostname="sdwvpctcs2813" name="com.test.regression.cub.testscripts.SignUp" tests="3" failures="0" timestamp="13 Jul 2016 11:08:37 GMT" time="104.632" errors="0">
  <testcase name="validSignUp_yesIHaveOne" time="29.665" classname="com.test.regression.cub.testscripts.SignUp"/>
  <testcase name="validSignUp_noCard" time="33.051" classname="com.test.regression.cub.testscripts.SignUp"/>
  <testcase name="validSignUp_noCardButWantOne" time="41.916" classname="com.test.regression.cub.testscripts.SignUp"/>
</testsuite> <!-- com.test.regression.cub.testscripts.SignUp -->
