<?xml version="1.0" encoding="UTF-8"?>
<!-- Generated by org.testng.reporters.JUnitReportReporter -->
<testsuite hostname="sdwvpctcs2813" name="com.test.regression.cub.testscripts.ShoppingLists" tests="5" failures="0" timestamp="13 Jul 2016 11:08:37 GMT" time="250.069" errors="0">
  <testcase name="createShoppingList" time="27.801" classname="com.test.regression.cub.testscripts.ShoppingLists"/>
  <testcase name="Add3Items2ShoppingList" time="33.712" classname="com.test.regression.cub.testscripts.ShoppingLists"/>
  <testcase name="testClearList" time="77.233" classname="com.test.regression.cub.testscripts.ShoppingLists"/>
  <testcase name="deleteItemFromSL" time="71.968" classname="com.test.regression.cub.testscripts.ShoppingLists"/>
  <testcase name="AddnEditItemsInShoppingList" time="39.355" classname="com.test.regression.cub.testscripts.ShoppingLists"/>
</testsuite> <!-- com.test.regression.cub.testscripts.ShoppingLists -->
