<?xml version="1.0" encoding="UTF-8"?>
<!-- Generated by org.testng.reporters.JUnitReportReporter -->
<testsuite hostname="SDEVPCSVU7112" name="com.test.regression.cub.testscripts.Coupons" tests="1" failures="0" timestamp="5 Jul 2016 11:48:35 GMT" time="83.684" errors="0">
  <testcase name="addCouponForNewUser" time="83.684" classname="com.test.regression.cub.testscripts.Coupons"/>
</testsuite> <!-- com.test.regression.cub.testscripts.Coupons -->
