<?xml version="1.0" encoding="UTF-8"?>
<!-- Generated by org.testng.reporters.JUnitReportReporter -->
<testsuite hostname="SDEVPCSVU7112" name="com.test.regression.cub.testscripts.SignIn" tests="7" failures="0" timestamp="26 Sep 2016 06:19:22 GMT" time="575.883" errors="0">
  <testcase name="forgotPassword" time="60.811" classname="com.test.regression.cub.testscripts.SignIn"/>
  <testcase name="validLoginFromShoppingListPage" time="144.256" classname="com.test.regression.cub.testscripts.SignIn"/>
  <testcase name="validLogin" time="87.335" classname="com.test.regression.cub.testscripts.SignIn"/>
  <testcase name="validateSignUpLinkInSignInPopup" time="41.583" classname="com.test.regression.cub.testscripts.SignIn"/>
  <testcase name="validLoginFromCouponsPage" time="116.030" classname="com.test.regression.cub.testscripts.SignIn"/>
  <testcase name="inValidLogin" time="57.942" classname="com.test.regression.cub.testscripts.SignIn"/>
  <testcase name="userNameNPasswordFieldValidation" time="67.926" classname="com.test.regression.cub.testscripts.SignIn"/>
</testsuite> <!-- com.test.regression.cub.testscripts.SignIn -->
