<?xml version="1.0" encoding="UTF-8"?>
<!-- Generated by org.testng.reporters.JUnitReportReporter -->
<testsuite hostname="sdwvpctcs2813" name="com.test.regression.cub.testscripts.MyAccount" tests="2" failures="0" timestamp="28 Jul 2016 10:00:40 GMT" time="138.554" errors="0">
  <testcase name="ChngContInfoSuccessfully" time="62.715" classname="com.test.regression.cub.testscripts.MyAccount"/>
  <testcase name="ChngContInfoUsingEditLinkInPopUp" time="75.839" classname="com.test.regression.cub.testscripts.MyAccount"/>
</testsuite> <!-- com.test.regression.cub.testscripts.MyAccount -->
