<?xml version="1.0" encoding="UTF-8"?>
<!-- Generated by org.testng.reporters.JUnitReportReporter -->
<testsuite hostname="SDEVPCSVU7112" name="com.test.regression.cub.testscripts.SignUp" tests="3" failures="0" timestamp="13 Jul 2016 13:21:48 GMT" time="167.878" errors="0">
  <testcase name="validSignUp_yesIHaveOne" time="56.688" classname="com.test.regression.cub.testscripts.SignUp"/>
  <testcase name="validSignUp_noCardButWantOne" time="58.515" classname="com.test.regression.cub.testscripts.SignUp"/>
  <testcase name="validSignUp_noCard" time="52.675" classname="com.test.regression.cub.testscripts.SignUp"/>
</testsuite> <!-- com.test.regression.cub.testscripts.SignUp -->
