<?xml version="1.0" encoding="UTF-8"?>
<!-- Generated by org.testng.reporters.JUnitReportReporter -->
<testsuite hostname="SDEVPCSVU7112" name="com.test.regression.cub.testscripts.SignIn" tests="2" failures="0" timestamp="19 Sep 2016 06:09:32 GMT" time="80.682" errors="0">
  <testcase name="validateSignUpLinkInSignInPopup" time="27.236" classname="com.test.regression.cub.testscripts.SignIn"/>
  <testcase name="userNameNPasswordFieldValidation" time="53.446" classname="com.test.regression.cub.testscripts.SignIn"/>
</testsuite> <!-- com.test.regression.cub.testscripts.SignIn -->
