<?xml version="1.0" encoding="UTF-8"?>
<!-- Generated by org.testng.reporters.JUnitReportReporter -->
<<<<<<< HEAD
<testsuite hostname="SDEVPCSVU7112" name="com.test.regression.cub.testscripts.SignIn" tests="2" failures="0" timestamp="13 Jul 2016 10:05:05 GMT" time="68.694" errors="0">
  <testcase name="inValidLogin" time="33.572" classname="com.test.regression.cub.testscripts.SignIn"/>
  <testcase name="validLogin" time="35.122" classname="com.test.regression.cub.testscripts.SignIn"/>
=======
<testsuite hostname="sdwvpctcs2813" name="com.test.regression.cub.testscripts.SignIn" tests="2" failures="0" timestamp="13 Jul 2016 11:08:37 GMT" time="46.784" errors="0">
  <testcase name="validLogin" time="19.415" classname="com.test.regression.cub.testscripts.SignIn"/>
  <testcase name="inValidLogin" time="27.369" classname="com.test.regression.cub.testscripts.SignIn"/>
>>>>>>> 8133ebbbad1bc474a5ecb1e0181ba7542e96bf8a
</testsuite> <!-- com.test.regression.cub.testscripts.SignIn -->
