<?xml version="1.0" encoding="UTF-8"?>
<!-- Generated by org.testng.reporters.JUnitReportReporter -->
<testsuite hostname="SDEVPCSVU7112" name="com.test.regression.cub.testscripts.SignUp" tests="3" failures="0" timestamp="12 Jul 2016 10:15:15 GMT" time="136.844" errors="0">
  <testcase name="validSignUp_noCardButWantOne" time="52.879" classname="com.test.regression.cub.testscripts.SignUp"/>
  <testcase name="validSignUp_noCard" time="43.133" classname="com.test.regression.cub.testscripts.SignUp"/>
  <testcase name="validSignUp_yesIHaveOne" time="40.832" classname="com.test.regression.cub.testscripts.SignUp"/>
</testsuite> <!-- com.test.regression.cub.testscripts.SignUp -->
