<?xml version="1.0" encoding="UTF-8"?>
<!-- Generated by org.testng.reporters.JUnitReportReporter -->
<testsuite hostname="sdwvpctcs2813" name="com.test.regression.cub.testscripts.MyAccount" tests="6" failures="0" timestamp="11 Jul 2016 10:51:29 GMT" time="215.294" errors="0">
  <testcase name="ChangePwdValid" time="45.947" classname="com.test.regression.cub.testscripts.MyAccount"/>
  <testcase name="ChangePwdSpace" time="27.226" classname="com.test.regression.cub.testscripts.MyAccount"/>
  <testcase name="ChangePwdDifferentNewPwds" time="27.288" classname="com.test.regression.cub.testscripts.MyAccount"/>
  <testcase name="ChangePwdShortPwd" time="27.208" classname="com.test.regression.cub.testscripts.MyAccount"/>
  <testcase name="ChangePwdLengthyPwd" time="55.675" classname="com.test.regression.cub.testscripts.MyAccount"/>
  <testcase name="ChangePwdWrongOldPwd" time="31.950" classname="com.test.regression.cub.testscripts.MyAccount"/>
</testsuite> <!-- com.test.regression.cub.testscripts.MyAccount -->
