<?xml version="1.0" encoding="UTF-8"?>
<!-- Generated by org.testng.reporters.JUnitReportReporter -->
<testsuite hostname="sdwvpctcs2813" name="com.test.regression.cub.testscripts.Coupons" tests="1" failures="0" timestamp="13 Jul 2016 11:08:37 GMT" time="80.769" errors="0">
  <testcase name="addCouponForWantOneNewUser" time="80.769" classname="com.test.regression.cub.testscripts.Coupons"/>
</testsuite> <!-- com.test.regression.cub.testscripts.Coupons -->
