<?xml version="1.0" encoding="UTF-8"?>
<!-- Generated by org.testng.reporters.JUnitReportReporter -->
<testsuite hostname="SDEVPCSVU7112" name="com.test.regression.cub.testscripts.SignIn" tests="2" failures="0" timestamp="13 Jul 2016 10:05:05 GMT" time="68.694" errors="0">
  <testcase name="inValidLogin" time="33.572" classname="com.test.regression.cub.testscripts.SignIn"/>
  <testcase name="validLogin" time="35.122" classname="com.test.regression.cub.testscripts.SignIn"/>
</testsuite> <!-- com.test.regression.cub.testscripts.SignIn -->
