<?xml version="1.0" encoding="UTF-8"?>
<!-- Generated by org.testng.reporters.JUnitReportReporter -->
<testsuite hostname="sdwvpctcs2813" name="com.test.regression.cub.testscripts.HeaderFooterNavigation" tests="2" failures="0" timestamp="28 Jul 2016 11:55:43 GMT" time="147.793" errors="0">
  <testcase name="TilesNavigationGuestUser" time="72.314" classname="com.test.regression.cub.testscripts.HeaderFooterNavigation"/>
  <testcase name="TilesNavigationSignedInUser" time="75.479" classname="com.test.regression.cub.testscripts.HeaderFooterNavigation"/>
</testsuite> <!-- com.test.regression.cub.testscripts.HeaderFooterNavigation -->
