<?xml version="1.0" encoding="UTF-8"?>
<!-- Generated by org.testng.reporters.JUnitReportReporter -->
<testsuite hostname="SDEVPCSVU7112" name="com.test.regression.cub.testscripts.SignUp" tests="3" failures="0" timestamp="13 Jul 2016 10:05:05 GMT" time="148.552" errors="0">
  <testcase name="validSignUp_noCardButWantOne" time="55.939" classname="com.test.regression.cub.testscripts.SignUp"/>
  <testcase name="validSignUp_noCard" time="48.589" classname="com.test.regression.cub.testscripts.SignUp"/>
  <testcase name="validSignUp_yesIHaveOne" time="44.024" classname="com.test.regression.cub.testscripts.SignUp"/>
</testsuite> <!-- com.test.regression.cub.testscripts.SignUp -->
