<?xml version="1.0" encoding="UTF-8"?>
<!-- Generated by org.testng.reporters.JUnitReportReporter -->
<testsuite hostname="SDEVPCSVU7112" name="com.test.regression.cub.testscripts.Coupons" tests="1" failures="0" timestamp="12 Jul 2016 12:29:30 GMT" time="123.192" errors="0">
  <testcase name="addCouponForNoCardNewUser" time="123.192" classname="com.test.regression.cub.testscripts.Coupons"/>
</testsuite> <!-- com.test.regression.cub.testscripts.Coupons -->
