<?xml version="1.0" encoding="UTF-8"?>
<!-- Generated by org.testng.reporters.JUnitReportReporter -->
<testsuite hostname="SDEVPCSVU7112" name="com.test.regression.cub.testscripts.ShoppingLists" tests="3" failures="0" timestamp="19 Sep 2016 05:48:10 GMT" time="416.717" errors="0">
  <testcase name="addMoreThan1SL" time="95.928" classname="com.test.regression.cub.testscripts.ShoppingLists"/>
  <testcase name="AddnEditItemsInShoppingList" time="192.976" classname="com.test.regression.cub.testscripts.ShoppingLists"/>
  <testcase name="slOtherPagesWidget" time="127.813" classname="com.test.regression.cub.testscripts.ShoppingLists"/>
</testsuite> <!-- com.test.regression.cub.testscripts.ShoppingLists -->
