<?xml version="1.0" encoding="UTF-8"?>
<!-- Generated by org.testng.reporters.JUnitReportReporter -->
<testsuite hostname="SDEVPCSVU7112" name="com.test.regression.farmfresh.testscripts.SignUp" tests="1" failures="0" timestamp="6 Sep 2016 09:41:01 GMT" time="96.828" errors="0">
  <testcase name="validSignUp4mSL" time="96.828" classname="com.test.regression.farmfresh.testscripts.SignUp"/>
</testsuite> <!-- com.test.regression.farmfresh.testscripts.SignUp -->
