<?xml version="1.0" encoding="UTF-8"?>
<!-- Generated by org.testng.reporters.JUnitReportReporter -->
<testsuite hostname="SDEVPCSVU7112" name="com.test.regression.farmfresh.testscripts.ShoppingLists" tests="1" failures="0" timestamp="13 Sep 2016 06:58:07 GMT" time="123.768" errors="0">
  <testcase name="slOtherPagesWidget" time="123.768" classname="com.test.regression.farmfresh.testscripts.ShoppingLists"/>
</testsuite> <!-- com.test.regression.farmfresh.testscripts.ShoppingLists -->
