<?xml version="1.0" encoding="UTF-8"?>
<!-- Generated by org.testng.reporters.JUnitReportReporter -->
<testsuite hostname="SDEVPCSVU7112" name="com.test.regression.farmfresh.testscripts.SignIn" tests="1" failures="0" timestamp="6 Sep 2016 06:29:11 GMT" time="23.510" errors="0">
  <testcase name="validateSignUpLinkInSignInPopup" time="23.510" classname="com.test.regression.farmfresh.testscripts.SignIn"/>
</testsuite> <!-- com.test.regression.farmfresh.testscripts.SignIn -->
